[2018-11-21 08:59:43] local.ERROR: Illuminate\Routing\Router::loadRoutes(): Failed opening required 'C:\wamp64\www\laravel_blog2\routes/api.php' (include_path='.;C:\php\pear') {"exception":"[object] (Symfony\\Component\\Debug\\Exception\\FatalErrorException(code: 64): Illuminate\\Routing\\Router::loadRoutes(): Failed opening required 'C:\\wamp64\\www\\laravel_blog2\outes/api.php' (include_path='.;C:\\php\\pear') at C:\\wamp64\\www\\laravel_blog2\\vendor\\laravel\\framework\\src\\Illuminate\\Routing\\Router.php:414)
[stacktrace]
#0 C:\\wamp64\\www\\laravel_blog2\\vendor\\laravel\\framework\\src\\Illuminate\\Foundation\\Bootstrap\\HandleExceptions.php(137): Symfony\\Component\\Debug\\Exception\\FatalErrorException->__construct()
#1 C:\\wamp64\\www\\laravel_blog2\\vendor\\laravel\\framework\\src\\Illuminate\\Foundation\\Bootstrap\\HandleExceptions.php(123): Illuminate\\Foundation\\Bootstrap\\HandleExceptions->fatalExceptionFromError()
#2 C:\\wamp64\\www\\laravel_blog2\\vendor\\laravel\\framework\\src\\Illuminate\\Foundation\\Bootstrap\\HandleExceptions.php(0): Illuminate\\Foundation\\Bootstrap\\HandleExceptions->handleShutdown()
#3 C:\\wamp64\\www\\laravel_blog2\\vendor\\laravel\\framework\\src\\Illuminate\\Routing\\Router.php(370): Illuminate\\Routing\\Router->loadRoutes()
#4 C:\\wamp64\\www\\laravel_blog2\\vendor\\laravel\\framework\\src\\Illuminate\\Routing\\RouteRegistrar.php(121): Illuminate\\Routing\\Router->group()
#5 C:\\wamp64\\www\\laravel_blog2\\app\\Providers\\RouteServiceProvider.php(71): Illuminate\\Routing\\RouteRegistrar->group()
#6 C:\\wamp64\\www\\laravel_blog2\\app\\Providers\\RouteServiceProvider.php(38): App\\Providers\\RouteServiceProvider->mapApiRoutes()
#7 C:\\wamp64\\www\\laravel_blog2\\vendor\\laravel\\framework\\src\\Illuminate\\Container\\BoundMethod.php(29): App\\Providers\\RouteServiceProvider->map()
#8 C:\\wamp64\\www\\laravel_blog2\\vendor\\laravel\\framework\\src\\Illuminate\\Container\\BoundMethod.php(29): call_user_func_array:{C:\\wamp64\\www\\laravel_blog2\\vendor\\laravel\\framework\\src\\Illuminate\\Container\\BoundMethod.php:29}()
#9 C:\\wamp64\\www\\laravel_blog2\\vendor\\laravel\\framework\\src\\Illuminate\\Container\\BoundMethod.php(87): Illuminate\\Container\\BoundMethod::Illuminate\\Container\\{closure}()
#10 C:\\wamp64\\www\\laravel_blog2\\vendor\\laravel\\framework\\src\\Illuminate\\Container\\BoundMethod.php(31): Illuminate\\Container\\BoundMethod::callBoundMethod()
#11 C:\\wamp64\\www\\laravel_blog2\\vendor\\laravel\\framework\\src\\Illuminate\\Container\\Container.php(572): Illuminate\\Container\\BoundMethod::call()
#12 C:\\wamp64\\www\\laravel_blog2\\vendor\\laravel\\framework\\src\\Illuminate\\Foundation\\Support\\Providers\\RouteServiceProvider.php(77): Illuminate\\Foundation\\Application->call()
#13 C:\\wamp64\\www\\laravel_blog2\\vendor\\laravel\\framework\\src\\Illuminate\\Foundation\\Support\\Providers\\RouteServiceProvider.php(36): App\\Providers\\RouteServiceProvider->loadRoutes()
#14 C:\\wamp64\\www\\laravel_blog2\\app\\Providers\\RouteServiceProvider.php(28): App\\Providers\\RouteServiceProvider->boot()
#15 C:\\wamp64\\www\\laravel_blog2\\vendor\\laravel\\framework\\src\\Illuminate\\Container\\BoundMethod.php(29): App\\Providers\\RouteServiceProvider->boot()
#16 C:\\wamp64\\www\\laravel_blog2\\vendor\\laravel\\framework\\src\\Illuminate\\Container\\BoundMethod.php(29): call_user_func_array:{C:\\wamp64\\www\\laravel_blog2\\vendor\\laravel\\framework\\src\\Illuminate\\Container\\BoundMethod.php:29}()
#17 C:\\wamp64\\www\\laravel_blog2\\vendor\\laravel\\framework\\src\\Illuminate\\Container\\BoundMethod.php(87): Illuminate\\Container\\BoundMethod::Illuminate\\Container\\{closure}()
#18 C:\\wamp64\\www\\laravel_blog2\\vendor\\laravel\\framework\\src\\Illuminate\\Container\\BoundMethod.php(31): Illuminate\\Container\\BoundMethod::callBoundMethod()
#19 C:\\wamp64\\www\\laravel_blog2\\vendor\\laravel\\framework\\src\\Illuminate\\Container\\Container.php(572): Illuminate\\Container\\BoundMethod::call()
#20 C:\\wamp64\\www\\laravel_blog2\\vendor\\laravel\\framework\\src\\Illuminate\\Foundation\\Application.php(793): Illuminate\\Foundation\\Application->call()
#21 C:\\wamp64\\www\\laravel_blog2\\vendor\\laravel\\framework\\src\\Illuminate\\Foundation\\Application.php(776): Illuminate\\Foundation\\Application->bootProvider()
#22 C:\\wamp64\\www\\laravel_blog2\\vendor\\laravel\\framework\\src\\Illuminate\\Foundation\\Application.php(777): Illuminate\\Foundation\\Application->Illuminate\\Foundation\\{closure}()
#23 C:\\wamp64\\www\\laravel_blog2\\vendor\\laravel\\framework\\src\\Illuminate\\Foundation\\Application.php(777): array_walk()
#24 C:\\wamp64\\www\\laravel_blog2\\vendor\\laravel\\framework\\src\\Illuminate\\Foundation\\Bootstrap\\BootProviders.php(17): Illuminate\\Foundation\\Application->boot()
#25 C:\\wamp64\\www\\laravel_blog2\\vendor\\laravel\\framework\\src\\Illuminate\\Foundation\\Application.php(206): Illuminate\\Foundation\\Bootstrap\\BootProviders->bootstrap()
#26 C:\\wamp64\\www\\laravel_blog2\\vendor\\laravel\\framework\\src\\Illuminate\\Foundation\\Http\\Kernel.php(162): Illuminate\\Foundation\\Application->bootstrapWith()
#27 C:\\wamp64\\www\\laravel_blog2\\vendor\\laravel\\framework\\src\\Illuminate\\Foundation\\Http\\Kernel.php(146): App\\Http\\Kernel->bootstrap()
#28 C:\\wamp64\\www\\laravel_blog2\\vendor\\laravel\\framework\\src\\Illuminate\\Foundation\\Http\\Kernel.php(116): App\\Http\\Kernel->sendRequestThroughRouter()
#29 C:\\wamp64\\www\\laravel_blog2\\public\\index.php(55): App\\Http\\Kernel->handle()
#30 C:\\wamp64\\www\\laravel_blog2\\public\\index.php(0): {main}()
#31 {main}
"} 
[2018-11-21 08:59:54] local.ERROR: Illuminate\Routing\Router::loadRoutes(): Failed opening required 'C:\wamp64\www\laravel_blog2\routes/api.php' (include_path='.;C:\php\pear') {"exception":"[object] (Symfony\\Component\\Debug\\Exception\\FatalErrorException(code: 64): Illuminate\\Routing\\Router::loadRoutes(): Failed opening required 'C:\\wamp64\\www\\laravel_blog2\outes/api.php' (include_path='.;C:\\php\\pear') at C:\\wamp64\\www\\laravel_blog2\\vendor\\laravel\\framework\\src\\Illuminate\\Routing\\Router.php:414)
[stacktrace]
#0 C:\\wamp64\\www\\laravel_blog2\\vendor\\laravel\\framework\\src\\Illuminate\\Foundation\\Bootstrap\\HandleExceptions.php(137): Symfony\\Component\\Debug\\Exception\\FatalErrorException->__construct()
#1 C:\\wamp64\\www\\laravel_blog2\\vendor\\laravel\\framework\\src\\Illuminate\\Foundation\\Bootstrap\\HandleExceptions.php(123): Illuminate\\Foundation\\Bootstrap\\HandleExceptions->fatalExceptionFromError()
#2 C:\\wamp64\\www\\laravel_blog2\\vendor\\laravel\\framework\\src\\Illuminate\\Foundation\\Bootstrap\\HandleExceptions.php(0): Illuminate\\Foundation\\Bootstrap\\HandleExceptions->handleShutdown()
#3 C:\\wamp64\\www\\laravel_blog2\\vendor\\laravel\\framework\\src\\Illuminate\\Routing\\Router.php(370): Illuminate\\Routing\\Router->loadRoutes()
#4 C:\\wamp64\\www\\laravel_blog2\\vendor\\laravel\\framework\\src\\Illuminate\\Routing\\RouteRegistrar.php(121): Illuminate\\Routing\\Router->group()
#5 C:\\wamp64\\www\\laravel_blog2\\app\\Providers\\RouteServiceProvider.php(71): Illuminate\\Routing\\RouteRegistrar->group()
#6 C:\\wamp64\\www\\laravel_blog2\\app\\Providers\\RouteServiceProvider.php(38): App\\Providers\\RouteServiceProvider->mapApiRoutes()
#7 C:\\wamp64\\www\\laravel_blog2\\vendor\\laravel\\framework\\src\\Illuminate\\Container\\BoundMethod.php(29): App\\Providers\\RouteServiceProvider->map()
#8 C:\\wamp64\\www\\laravel_blog2\\vendor\\laravel\\framework\\src\\Illuminate\\Container\\BoundMethod.php(29): call_user_func_array:{C:\\wamp64\\www\\laravel_blog2\\vendor\\laravel\\framework\\src\\Illuminate\\Container\\BoundMethod.php:29}()
#9 C:\\wamp64\\www\\laravel_blog2\\vendor\\laravel\\framework\\src\\Illuminate\\Container\\BoundMethod.php(87): Illuminate\\Container\\BoundMethod::Illuminate\\Container\\{closure}()
#10 C:\\wamp64\\www\\laravel_blog2\\vendor\\laravel\\framework\\src\\Illuminate\\Container\\BoundMethod.php(31): Illuminate\\Container\\BoundMethod::callBoundMethod()
#11 C:\\wamp64\\www\\laravel_blog2\\vendor\\laravel\\framework\\src\\Illuminate\\Container\\Container.php(572): Illuminate\\Container\\BoundMethod::call()
#12 C:\\wamp64\\www\\laravel_blog2\\vendor\\laravel\\framework\\src\\Illuminate\\Foundation\\Support\\Providers\\RouteServiceProvider.php(77): Illuminate\\Foundation\\Application->call()
#13 C:\\wamp64\\www\\laravel_blog2\\vendor\\laravel\\framework\\src\\Illuminate\\Foundation\\Support\\Providers\\RouteServiceProvider.php(36): App\\Providers\\RouteServiceProvider->loadRoutes()
#14 C:\\wamp64\\www\\laravel_blog2\\app\\Providers\\RouteServiceProvider.php(28): App\\Providers\\RouteServiceProvider->boot()
#15 C:\\wamp64\\www\\laravel_blog2\\vendor\\laravel\\framework\\src\\Illuminate\\Container\\BoundMethod.php(29): App\\Providers\\RouteServiceProvider->boot()
#16 C:\\wamp64\\www\\laravel_blog2\\vendor\\laravel\\framework\\src\\Illuminate\\Container\\BoundMethod.php(29): call_user_func_array:{C:\\wamp64\\www\\laravel_blog2\\vendor\\laravel\\framework\\src\\Illuminate\\Container\\BoundMethod.php:29}()
#17 C:\\wamp64\\www\\laravel_blog2\\vendor\\laravel\\framework\\src\\Illuminate\\Container\\BoundMethod.php(87): Illuminate\\Container\\BoundMethod::Illuminate\\Container\\{closure}()
#18 C:\\wamp64\\www\\laravel_blog2\\vendor\\laravel\\framework\\src\\Illuminate\\Container\\BoundMethod.php(31): Illuminate\\Container\\BoundMethod::callBoundMethod()
#19 C:\\wamp64\\www\\laravel_blog2\\vendor\\laravel\\framework\\src\\Illuminate\\Container\\Container.php(572): Illuminate\\Container\\BoundMethod::call()
#20 C:\\wamp64\\www\\laravel_blog2\\vendor\\laravel\\framework\\src\\Illuminate\\Foundation\\Application.php(793): Illuminate\\Foundation\\Application->call()
#21 C:\\wamp64\\www\\laravel_blog2\\vendor\\laravel\\framework\\src\\Illuminate\\Foundation\\Application.php(776): Illuminate\\Foundation\\Application->bootProvider()
#22 C:\\wamp64\\www\\laravel_blog2\\vendor\\laravel\\framework\\src\\Illuminate\\Foundation\\Application.php(777): Illuminate\\Foundation\\Application->Illuminate\\Foundation\\{closure}()
#23 C:\\wamp64\\www\\laravel_blog2\\vendor\\laravel\\framework\\src\\Illuminate\\Foundation\\Application.php(777): array_walk()
#24 C:\\wamp64\\www\\laravel_blog2\\vendor\\laravel\\framework\\src\\Illuminate\\Foundation\\Bootstrap\\BootProviders.php(17): Illuminate\\Foundation\\Application->boot()
#25 C:\\wamp64\\www\\laravel_blog2\\vendor\\laravel\\framework\\src\\Illuminate\\Foundation\\Application.php(206): Illuminate\\Foundation\\Bootstrap\\BootProviders->bootstrap()
#26 C:\\wamp64\\www\\laravel_blog2\\vendor\\laravel\\framework\\src\\Illuminate\\Foundation\\Http\\Kernel.php(162): Illuminate\\Foundation\\Application->bootstrapWith()
#27 C:\\wamp64\\www\\laravel_blog2\\vendor\\laravel\\framework\\src\\Illuminate\\Foundation\\Http\\Kernel.php(146): App\\Http\\Kernel->bootstrap()
#28 C:\\wamp64\\www\\laravel_blog2\\vendor\\laravel\\framework\\src\\Illuminate\\Foundation\\Http\\Kernel.php(116): App\\Http\\Kernel->sendRequestThroughRouter()
#29 C:\\wamp64\\www\\laravel_blog2\\public\\index.php(55): App\\Http\\Kernel->handle()
#30 C:\\wamp64\\www\\laravel_blog2\\public\\index.php(0): {main}()
#31 {main}
"} 
